\BOOKMARK [1][-]{section.1}{Introduction}{}% 1
\BOOKMARK [1][-]{section.2}{OpenVR}{}% 2
\BOOKMARK [2][-]{subsection.2.1}{IVRSystem}{section.2}% 3
\BOOKMARK [2][-]{subsection.2.2}{IVRChaperone}{section.2}% 4
\BOOKMARK [2][-]{subsection.2.3}{IVRCompositor}{section.2}% 5
\BOOKMARK [2][-]{subsection.2.4}{IVROverlay}{section.2}% 6
\BOOKMARK [2][-]{subsection.2.5}{IVRRenderModels}{section.2}% 7
\BOOKMARK [2][-]{subsection.2.6}{IVRScreenshots}{section.2}% 8
\BOOKMARK [2][-]{subsection.2.7}{Other General Functions}{section.2}% 9
\BOOKMARK [1][-]{section.3}{"Hello Virtual World"}{}% 10
\BOOKMARK [1][-]{section.4}{Super Mario HD}{}% 11
\BOOKMARK [2][-]{subsection.4.1}{API Integration}{section.4}% 12
\BOOKMARK [2][-]{subsection.4.2}{Rendering Integration}{section.4}% 13
\BOOKMARK [2][-]{subsection.4.3}{Tracking Integration}{section.4}% 14
\BOOKMARK [2][-]{subsection.4.4}{Controller Integration}{section.4}% 15
\BOOKMARK [2][-]{subsection.4.5}{Future Work}{section.4}% 16
\BOOKMARK [1][-]{section.5}{FreeSpace 2}{}% 17
\BOOKMARK [2][-]{subsection.5.1}{API Integration}{section.5}% 18
\BOOKMARK [2][-]{subsection.5.2}{Rendering Integration}{section.5}% 19
\BOOKMARK [2][-]{subsection.5.3}{Tracking Integration}{section.5}% 20
\BOOKMARK [2][-]{subsection.5.4}{Future Work}{section.5}% 21
\BOOKMARK [1][-]{section.6}{Quake}{}% 22
\BOOKMARK [2][-]{subsection.6.1}{API Integration}{section.6}% 23
\BOOKMARK [2][-]{subsection.6.2}{Rendering Integration}{section.6}% 24
\BOOKMARK [2][-]{subsection.6.3}{Tracking Integration}{section.6}% 25
\BOOKMARK [2][-]{subsection.6.4}{Controller Integration}{section.6}% 26
\BOOKMARK [2][-]{subsection.6.5}{Future Work}{section.6}% 27
\BOOKMARK [1][-]{section.7}{Project Takeaways}{}% 28
\BOOKMARK [1][-]{section*.2}{References}{}% 29
